C:\Program Files (x86)\MSBuild\Microsoft.Cpp\v4.0\V140\Microsoft.CppBuild.targets(368,5): warning MSB8004: Output Directory does not end with a trailing slash.  This build instance will add the slash as it is required to allow proper evaluation of the Output Directory.
  Test.cpp
c:\users\jacob\desktop\comp8551 project113016-master\rambokillsteddybears\rambokillsteddybears\assets\dlls\dlltest\dlltest\test.cpp(2): warning C4005: '_CRT_SECURE_NO_WARNINGS': macro redefinition
  c:\users\jacob\desktop\comp8551 project113016-master\rambokillsteddybears\rambokillsteddybears\assets\dlls\dlltest\dlltest\test.cpp(2): note: command-line arguments:  see previous definition of '_CRT_SECURE_NO_WARNINGS'
c:\users\jacob\desktop\comp8551 project113016-master\rambokillsteddybears\rambokillsteddybears\assets\dlls\dlltest\dlltest\test.cpp(79): warning C4018: '<': signed/unsigned mismatch
c:\users\jacob\desktop\comp8551 project113016-master\rambokillsteddybears\rambokillsteddybears\assets\dlls\dlltest\dlltest\test.cpp(607): warning C4838: conversion from 'int' to 'std::size_t' requires a narrowing conversion
     Creating library C:\Users\Jacob\Desktop\COMP8551 Project113016-master\RamboKillsTeddyBears\RamboKillsTeddyBears\Assets\Fourier\DLLTEST.lib and object C:\Users\Jacob\Desktop\COMP8551 Project113016-master\RamboKillsTeddyBears\RamboKillsTeddyBears\Assets\Fourier\DLLTEST.exp
Test.obj : error LNK2019: unresolved external symbol _clGetPlatformIDs@12 referenced in function "struct _cl_platform_id * * __cdecl GeneratePlatform(void)" (?GeneratePlatform@@YAPAPAU_cl_platform_id@@XZ)
Test.obj : error LNK2019: unresolved external symbol _clGetPlatformInfo@20 referenced in function "void __cdecl DeviceInfo(struct _cl_platform_id *,struct _cl_device_id *)" (?DeviceInfo@@YAXPAU_cl_platform_id@@PAU_cl_device_id@@@Z)
Test.obj : error LNK2019: unresolved external symbol _clGetDeviceIDs@24 referenced in function "struct _cl_device_id * * __cdecl SetupCPUDevice(struct _cl_platform_id *)" (?SetupCPUDevice@@YAPAPAU_cl_device_id@@PAU_cl_platform_id@@@Z)
Test.obj : error LNK2019: unresolved external symbol _clGetDeviceInfo@20 referenced in function "void __cdecl ContextInfo(struct _cl_device_id *)" (?ContextInfo@@YAXPAU_cl_device_id@@@Z)
Test.obj : error LNK2019: unresolved external symbol _clCreateContext@24 referenced in function "struct _cl_context * __cdecl GenerateContext(struct _cl_device_id * *)" (?GenerateContext@@YAPAU_cl_context@@PAPAU_cl_device_id@@@Z)
Test.obj : error LNK2019: unresolved external symbol _clCreateCommandQueue@20 referenced in function "struct _cl_command_queue * __cdecl GenerateCommandQueue(struct _cl_context *,struct _cl_device_id *)" (?GenerateCommandQueue@@YAPAU_cl_command_queue@@PAU_cl_context@@PAU_cl_device_id@@@Z)
Test.obj : error LNK2019: unresolved external symbol _clCreateBuffer@24 referenced in function _GetUnNormalizedSeparationVector
Test.obj : error LNK2019: unresolved external symbol _clReleaseMemObject@4 referenced in function "void __cdecl CleanUp(struct _cl_mem * *,struct _cl_device_id * *,struct _cl_context *,struct _cl_command_queue *,struct _cl_program *,struct _cl_kernel *)" (?CleanUp@@YAXPAPAU_cl_mem@@PAPAU_cl_device_id@@PAU_cl_context@@PAU_cl_command_queue@@PAU_cl_program@@PAU_cl_kernel@@@Z)
Test.obj : error LNK2019: unresolved external symbol _clCreateProgramWithSource@20 referenced in function "struct _cl_program * __cdecl ProgramObject(char const *,struct _cl_context *)" (?ProgramObject@@YAPAU_cl_program@@PBDPAU_cl_context@@@Z)
Test.obj : error LNK2019: unresolved external symbol _clBuildProgram@24 referenced in function "int __cdecl Compiler(struct _cl_program *)" (?Compiler@@YAHPAU_cl_program@@@Z)
Test.obj : error LNK2019: unresolved external symbol _clCreateKernel@12 referenced in function "struct _cl_kernel * __cdecl KernelMemory(struct _cl_context *,struct _cl_program *)" (?KernelMemory@@YAPAU_cl_kernel@@PAU_cl_context@@PAU_cl_program@@@Z)
C:\Program Files\NVIDIA GPU Computing Toolkit\CUDA\v8.0\lib\x64\OpenCL.lib : warning LNK4272: library machine type 'x64' conflicts with target machine type 'X86'
C:\Users\Jacob\Desktop\COMP8551 Project113016-master\RamboKillsTeddyBears\RamboKillsTeddyBears\Assets\Fourier\DLLTEST.dll : fatal error LNK1120: 11 unresolved externals
